Using pre-set license
Built from '2021.3/staging' branch; Version is '2021.3.6f1 (7da38d85baf6) revision 8233869'; Using compiler version '192829333'; Build Type 'Release'
OS: 'Windows 10  (10.0.19044) 64bit Professional' Language: 'ko' Physical Memory: 16266 MB
BatchMode: 1, IsHumanControllingUs: 0, StartBugReporterOnCrash: 0, Is64bit: 1, IsPro: 1

COMMAND LINE ARGUMENTS:
C:\Program Files\Unity\Hub\Editor\2021.3.6f1\Editor\Unity.exe
-adb2
-batchMode
-noUpm
-name
AssetImportWorker1
-projectPath
D:/GitHub/3D-PortFolio/3DPortfolioPractice
-logFile
Logs/AssetImportWorker1.log
-srvPort
63272
Successfully changed project path to: D:/GitHub/3D-PortFolio/3DPortfolioPractice
D:/GitHub/3D-PortFolio/3DPortfolioPractice
[UnityMemory] Configuration Parameters - Can be set up in boot.config
    "memorysetup-bucket-allocator-granularity=16"
    "memorysetup-bucket-allocator-bucket-count=8"
    "memorysetup-bucket-allocator-block-size=33554432"
    "memorysetup-bucket-allocator-block-count=8"
    "memorysetup-main-allocator-block-size=16777216"
    "memorysetup-thread-allocator-block-size=16777216"
    "memorysetup-gfx-main-allocator-block-size=16777216"
    "memorysetup-gfx-thread-allocator-block-size=16777216"
    "memorysetup-cache-allocator-block-size=4194304"
    "memorysetup-typetree-allocator-block-size=2097152"
    "memorysetup-profiler-bucket-allocator-granularity=16"
    "memorysetup-profiler-bucket-allocator-bucket-count=8"
    "memorysetup-profiler-bucket-allocator-block-size=33554432"
    "memorysetup-profiler-bucket-allocator-block-count=8"
    "memorysetup-profiler-allocator-block-size=16777216"
    "memorysetup-profiler-editor-allocator-block-size=1048576"
    "memorysetup-temp-allocator-size-main=16777216"
    "memorysetup-job-temp-allocator-block-size=2097152"
    "memorysetup-job-temp-allocator-block-size-background=1048576"
    "memorysetup-job-temp-allocator-reduction-small-platforms=262144"
    "memorysetup-temp-allocator-size-background-worker=32768"
    "memorysetup-temp-allocator-size-job-worker=262144"
    "memorysetup-temp-allocator-size-preload-manager=33554432"
    "memorysetup-temp-allocator-size-nav-mesh-worker=65536"
    "memorysetup-temp-allocator-size-audio-worker=65536"
    "memorysetup-temp-allocator-size-cloud-worker=32768"
    "memorysetup-temp-allocator-size-gi-baking-worker=262144"
    "memorysetup-temp-allocator-size-gfx=262144"
Refreshing native plugins compatible for Editor in 123.03 ms, found 3 plugins.
Preloading 0 native plugins for Editor in 0.00 ms.
Initialize engine version: 2021.3.6f1 (7da38d85baf6)
[Subsystems] Discovering subsystems at path C:/Program Files/Unity/Hub/Editor/2021.3.6f1/Editor/Data/Resources/UnitySubsystems
[Subsystems] Discovering subsystems at path D:/GitHub/3D-PortFolio/3DPortfolioPractice/Assets
GfxDevice: creating device client; threaded=0; jobified=0
Direct3D:
    Version:  Direct3D 11.0 [level 11.1]
    Renderer: NVIDIA GeForce GTX 1060 3GB (ID=0x1b84)
    Vendor:   NVIDIA
    VRAM:     2988 MB
    Driver:   30.0.15.1215
Initialize mono
Mono path[0] = 'C:/Program Files/Unity/Hub/Editor/2021.3.6f1/Editor/Data/Managed'
Mono path[1] = 'C:/Program Files/Unity/Hub/Editor/2021.3.6f1/Editor/Data/MonoBleedingEdge/lib/mono/unityjit-win32'
Mono config path = 'C:/Program Files/Unity/Hub/Editor/2021.3.6f1/Editor/Data/MonoBleedingEdge/etc'
Using monoOptions --debugger-agent=transport=dt_socket,embedding=1,server=y,suspend=n,address=127.0.0.1:56528
Begin MonoManager ReloadAssembly
Registering precompiled unity dll's ...
Register platform support module: C:/Program Files/Unity/Hub/Editor/2021.3.6f1/Editor/Data/PlaybackEngines/AndroidPlayer/UnityEditor.Android.Extensions.dll
Register platform support module: C:/Program Files/Unity/Hub/Editor/2021.3.6f1/Editor/Data/PlaybackEngines/WindowsStandaloneSupport/UnityEditor.WindowsStandalone.Extensions.dll
Registered in 0.008914 seconds.
Native extension for WindowsStandalone target not found
Native extension for Android target not found
Refreshing native plugins compatible for Editor in 136.61 ms, found 3 plugins.
Preloading 0 native plugins for Editor in 0.00 ms.
Mono: successfully reloaded assembly
- Completed reload, in  0.843 seconds
Domain Reload Profiling:
	ReloadAssembly (844ms)
		BeginReloadAssembly (93ms)
			ExecutionOrderSort (0ms)
			DisableScriptedObjects (0ms)
			BackupInstance (0ms)
			ReleaseScriptingObjects (0ms)
			CreateAndSetChildDomain (1ms)
		EndReloadAssembly (618ms)
			LoadAssemblies (91ms)
			RebuildTransferFunctionScriptingTraits (0ms)
			SetupTypeCache (133ms)
			ReleaseScriptCaches (0ms)
			RebuildScriptCaches (44ms)
			SetupLoadedEditorAssemblies (384ms)
				LogAssemblyErrors (0ms)
				InitializePlatformSupportModulesInManaged (78ms)
				SetLoadedEditorAssemblies (0ms)
				RefreshPlugins (137ms)
				BeforeProcessingInitializeOnLoad (2ms)
				ProcessInitializeOnLoadAttributes (114ms)
				ProcessInitializeOnLoadMethodAttributes (53ms)
				AfterProcessingInitializeOnLoad (0ms)
				EditorAssembliesLoaded (0ms)
			ExecutionOrderSort2 (0ms)
			AwakeInstancesAfterBackupRestoration (0ms)
Platform modules already initialized, skipping
Registering precompiled user dll's ...
Registered in 0.005597 seconds.
Begin MonoManager ReloadAssembly
Symbol file LoadedFromMemory doesn't match image D:\GitHub\3D-PortFolio\3DPortfolioPractice\Library\PackageCache\com.unity.visualscripting@1.7.8\Editor\VisualScripting.Core\Dependencies\YamlDotNet\Unity.VisualScripting.YamlDotNet.dll
Symbol file LoadedFromMemory doesn't match image D:\GitHub\3D-PortFolio\3DPortfolioPractice\Library\PackageCache\com.unity.visualscripting@1.7.8\Editor\VisualScripting.Core\Dependencies\DotNetZip\Unity.VisualScripting.IonicZip.dll
Native extension for WindowsStandalone target not found
Native extension for Android target not found
Refreshing native plugins compatible for Editor in 0.67 ms, found 3 plugins.
Preloading 0 native plugins for Editor in 0.00 ms.
Mono: successfully reloaded assembly
- Completed reload, in  1.422 seconds
Domain Reload Profiling:
	ReloadAssembly (1423ms)
		BeginReloadAssembly (275ms)
			ExecutionOrderSort (0ms)
			DisableScriptedObjects (12ms)
			BackupInstance (0ms)
			ReleaseScriptingObjects (0ms)
			CreateAndSetChildDomain (143ms)
		EndReloadAssembly (1006ms)
			LoadAssemblies (94ms)
			RebuildTransferFunctionScriptingTraits (0ms)
			SetupTypeCache (361ms)
			ReleaseScriptCaches (1ms)
			RebuildScriptCaches (65ms)
			SetupLoadedEditorAssemblies (438ms)
				LogAssemblyErrors (0ms)
				InitializePlatformSupportModulesInManaged (17ms)
				SetLoadedEditorAssemblies (1ms)
				RefreshPlugins (1ms)
				BeforeProcessingInitializeOnLoad (111ms)
				ProcessInitializeOnLoadAttributes (265ms)
				ProcessInitializeOnLoadMethodAttributes (34ms)
				AfterProcessingInitializeOnLoad (10ms)
				EditorAssembliesLoaded (0ms)
			ExecutionOrderSort2 (0ms)
			AwakeInstancesAfterBackupRestoration (7ms)
Platform modules already initialized, skipping
========================================================================
Worker process is ready to serve import requests
Launched and connected shader compiler UnityShaderCompiler.exe after 0.05 seconds
Refreshing native plugins compatible for Editor in 0.73 ms, found 3 plugins.
Preloading 0 native plugins for Editor in 0.00 ms.
Unloading 3523 Unused Serialized files (Serialized files now loaded: 0)
Unloading 39 unused Assets / (1.3 MB). Loaded Objects now: 3987.
Memory consumption went from 148.7 MB to 147.4 MB.
Total: 3.508800 ms (FindLiveObjects: 0.299400 ms CreateObjectMapping: 0.246300 ms MarkObjects: 2.669700 ms  DeleteObjects: 0.292400 ms)

AssetImportParameters requested are different than current active one (requested -> active):
  custom:video-decoder-ogg-theora: a1e56fd34408186e4bbccfd4996cb3dc -> 
  custom:container-muxer-webm: aa71ff27fc2769a1b78a27578f13a17b -> 
  custom:container-demuxer-webm: 4f35f7cbe854078d1ac9338744f61a02 -> 
  custom:video-encoder-webm-vp8: eb34c28f22e8b96e1ab97ce403110664 -> 
  custom:audio-encoder-webm-vorbis: bf7c407c2cedff20999df2af8eb42d56 -> 
  custom:framework-win-MediaFoundation: 216162199b28c13a410421893ffa2e32 -> 
  custom:container-demuxer-ogg: 62fdf1f143b41e24485cea50d1cbac27 -> 
  custom:video-decoder-webm-vp8: 9c59270c3fd7afecdb556c50c9e8de78 -> 
  custom:audio-decoder-ogg-vorbis: bf7c407c2cedff20999df2af8eb42d56 -> 
========================================================================
Received Import Request.
  Time since last request: 1635933.532479 seconds.
  path: Assets/Mega Fantasy Props Pack/FBX
  artifactKey: Guid(9b30ac706612eb7428eea7e471bec97b) Importer(815301076,1909f56bfc062723c751e8b465ee728b)
Start importing Assets/Mega Fantasy Props Pack/FBX using Guid(9b30ac706612eb7428eea7e471bec97b) Importer(815301076,1909f56bfc062723c751e8b465ee728b)  -> (artifact id: '6e413fd6278f3fc776446f09af60feec') in 0.010106 seconds 
========================================================================
Received Import Request.
  Time since last request: 0.000020 seconds.
  path: Assets/Mega Fantasy Props Pack/FBX/basket.fbx
  artifactKey: Guid(c9f241be888139c4fb58d36439c0fba0) Importer(815301076,1909f56bfc062723c751e8b465ee728b)
Start importing Assets/Mega Fantasy Props Pack/FBX/basket.fbx using Guid(c9f241be888139c4fb58d36439c0fba0) Importer(815301076,1909f56bfc062723c751e8b465ee728b)  -> (artifact id: '113eb0675ad9f722e71c1844592c0823') in 0.198592 seconds 
========================================================================
Received Import Request.
  Time since last request: 467.801374 seconds.
  path: Assets/Mega Fantasy Props Pack/Prefabs/Miscellaneous/Bridges/wood_bridge_start_sloped.prefab
  artifactKey: Guid(6cae38f4425a8d5448c5b351beba0ec8) Importer(815301076,1909f56bfc062723c751e8b465ee728b)
Start importing Assets/Mega Fantasy Props Pack/Prefabs/Miscellaneous/Bridges/wood_bridge_start_sloped.prefab using Guid(6cae38f4425a8d5448c5b351beba0ec8) Importer(815301076,1909f56bfc062723c751e8b465ee728b)  -> (artifact id: '5b0c1d26029a80b8fb809f86ab13e9e2') in 0.040874 seconds 
========================================================================
Received Import Request.
  Time since last request: 0.000025 seconds.
  path: Assets/Mega Fantasy Props Pack/Prefabs/Miscellaneous/Bridges/wood_bridge_start_straight.prefab
  artifactKey: Guid(92c48f364be17574d81c26f8986d6dc8) Importer(815301076,1909f56bfc062723c751e8b465ee728b)
Start importing Assets/Mega Fantasy Props Pack/Prefabs/Miscellaneous/Bridges/wood_bridge_start_straight.prefab using Guid(92c48f364be17574d81c26f8986d6dc8) Importer(815301076,1909f56bfc062723c751e8b465ee728b)  -> (artifact id: '16bb3f8d7418b9289ff725fd1503ec93') in 0.022337 seconds 
========================================================================
Received Import Request.
  Time since last request: 11.422129 seconds.
  path: Assets/Mega Fantasy Props Pack/Prefabs/Miscellaneous/Windbreaks/windbreak.002.prefab
  artifactKey: Guid(c32ab41c3ac029545bd4f4527efcb103) Importer(815301076,1909f56bfc062723c751e8b465ee728b)
Start importing Assets/Mega Fantasy Props Pack/Prefabs/Miscellaneous/Windbreaks/windbreak.002.prefab using Guid(c32ab41c3ac029545bd4f4527efcb103) Importer(815301076,1909f56bfc062723c751e8b465ee728b)  -> (artifact id: '68d6da9efaf18b23a58178efaefc3fce') in 0.021624 seconds 
========================================================================
Received Import Request.
  Time since last request: 0.000021 seconds.
  path: Assets/Mega Fantasy Props Pack/Prefabs/Miscellaneous/Windbreaks/windbreak_expensive.prefab
  artifactKey: Guid(41ec11fcab943674c8c7bba7d4c046c8) Importer(815301076,1909f56bfc062723c751e8b465ee728b)
Start importing Assets/Mega Fantasy Props Pack/Prefabs/Miscellaneous/Windbreaks/windbreak_expensive.prefab using Guid(41ec11fcab943674c8c7bba7d4c046c8) Importer(815301076,1909f56bfc062723c751e8b465ee728b)  -> (artifact id: '768fadaed0650eb819b0efbc2b387d42') in 0.027651 seconds 
========================================================================
Received Import Request.
  Time since last request: 0.000022 seconds.
  path: Assets/Mega Fantasy Props Pack/Prefabs/Miscellaneous/Windbreaks/windbreak_expensive.001.prefab
  artifactKey: Guid(2b736b1b73539b946aaedb5fd5b458e4) Importer(815301076,1909f56bfc062723c751e8b465ee728b)
Start importing Assets/Mega Fantasy Props Pack/Prefabs/Miscellaneous/Windbreaks/windbreak_expensive.001.prefab using Guid(2b736b1b73539b946aaedb5fd5b458e4) Importer(815301076,1909f56bfc062723c751e8b465ee728b)  -> (artifact id: 'b355cd808c3e8e4d650a32f216c45f98') in 0.022360 seconds 
========================================================================
Received Import Request.
  Time since last request: 0.000030 seconds.
  path: Assets/Mega Fantasy Props Pack/Prefabs/Miscellaneous/Windbreaks/windbreak_expensive.002.prefab
  artifactKey: Guid(e071c0b97335b104f96f581d36d85561) Importer(815301076,1909f56bfc062723c751e8b465ee728b)
Start importing Assets/Mega Fantasy Props Pack/Prefabs/Miscellaneous/Windbreaks/windbreak_expensive.002.prefab using Guid(e071c0b97335b104f96f581d36d85561) Importer(815301076,1909f56bfc062723c751e8b465ee728b)  -> (artifact id: '59ef9e81b9c1879c218ffa6fcc74c812') in 0.025576 seconds 
========================================================================
Received Import Request.
  Time since last request: 0.377323 seconds.
  path: Assets/Mega Fantasy Props Pack/Prefabs/Miscellaneous/Wells/well.prefab
  artifactKey: Guid(9e666367a3dab8e4d8eef4f84354e177) Importer(815301076,1909f56bfc062723c751e8b465ee728b)
Start importing Assets/Mega Fantasy Props Pack/Prefabs/Miscellaneous/Wells/well.prefab using Guid(9e666367a3dab8e4d8eef4f84354e177) Importer(815301076,1909f56bfc062723c751e8b465ee728b)  -> (artifact id: 'ad8b635e5fef30ba157bbf78d0ee2200') in 0.024518 seconds 
========================================================================
Received Import Request.
  Time since last request: 0.527435 seconds.
  path: Assets/Mega Fantasy Props Pack/Prefabs/Miscellaneous/Wall Canvas/canvas_on_wall.002.prefab
  artifactKey: Guid(8cd06cf064870404188da18011c5858b) Importer(815301076,1909f56bfc062723c751e8b465ee728b)
Start importing Assets/Mega Fantasy Props Pack/Prefabs/Miscellaneous/Wall Canvas/canvas_on_wall.002.prefab using Guid(8cd06cf064870404188da18011c5858b) Importer(815301076,1909f56bfc062723c751e8b465ee728b)  -> (artifact id: 'af84822865bd9556f6e4c6fed7decd29') in 0.019921 seconds 
========================================================================
Received Import Request.
  Time since last request: 0.000021 seconds.
  path: Assets/Mega Fantasy Props Pack/Prefabs/Miscellaneous/Wall Canvas/canvas_on_wall.003.prefab
  artifactKey: Guid(878d7e0f03b4d6f409b7329916c086fd) Importer(815301076,1909f56bfc062723c751e8b465ee728b)
Start importing Assets/Mega Fantasy Props Pack/Prefabs/Miscellaneous/Wall Canvas/canvas_on_wall.003.prefab using Guid(878d7e0f03b4d6f409b7329916c086fd) Importer(815301076,1909f56bfc062723c751e8b465ee728b)  -> (artifact id: '642478107d1e2d16d8be0d26845cd7e0') in 0.023696 seconds 
========================================================================
Received Import Request.
  Time since last request: 0.525176 seconds.
  path: Assets/Mega Fantasy Props Pack/Prefabs/Miscellaneous/Vases/vase.002.prefab
  artifactKey: Guid(b544762602fbd1648b39791cece6f310) Importer(815301076,1909f56bfc062723c751e8b465ee728b)
Start importing Assets/Mega Fantasy Props Pack/Prefabs/Miscellaneous/Vases/vase.002.prefab using Guid(b544762602fbd1648b39791cece6f310) Importer(815301076,1909f56bfc062723c751e8b465ee728b)  -> (artifact id: '7c3dafbe16d1f1c535e8974caa56e575') in 0.016802 seconds 
========================================================================
Received Import Request.
  Time since last request: 0.000021 seconds.
  path: Assets/Mega Fantasy Props Pack/Prefabs/Miscellaneous/Vases/vase.prefab
  artifactKey: Guid(db61bf80eb5d3ff44b9ee201e5da1d16) Importer(815301076,1909f56bfc062723c751e8b465ee728b)
Start importing Assets/Mega Fantasy Props Pack/Prefabs/Miscellaneous/Vases/vase.prefab using Guid(db61bf80eb5d3ff44b9ee201e5da1d16) Importer(815301076,1909f56bfc062723c751e8b465ee728b)  -> (artifact id: '53c17e079a5d3433b0bc805d46c050ab') in 0.015990 seconds 
========================================================================
Received Import Request.
  Time since last request: 0.562729 seconds.
  path: Assets/Mega Fantasy Props Pack/Prefabs/Miscellaneous/On Table/mug.prefab
  artifactKey: Guid(bf9f4253a04c3724e8628d1f0046c866) Importer(815301076,1909f56bfc062723c751e8b465ee728b)
Start importing Assets/Mega Fantasy Props Pack/Prefabs/Miscellaneous/On Table/mug.prefab using Guid(bf9f4253a04c3724e8628d1f0046c866) Importer(815301076,1909f56bfc062723c751e8b465ee728b)  -> (artifact id: '05a77d318d2a60e99ef17c208f752074') in 0.016132 seconds 
========================================================================
Received Import Request.
  Time since last request: 0.496810 seconds.
  path: Assets/Mega Fantasy Props Pack/Prefabs/Miscellaneous/Cutting boards/cutting_board.002.prefab
  artifactKey: Guid(cc0a44e9d45104741a68a9f84c928000) Importer(815301076,1909f56bfc062723c751e8b465ee728b)
Start importing Assets/Mega Fantasy Props Pack/Prefabs/Miscellaneous/Cutting boards/cutting_board.002.prefab using Guid(cc0a44e9d45104741a68a9f84c928000) Importer(815301076,1909f56bfc062723c751e8b465ee728b)  -> (artifact id: 'cbf828912ba367d3768252879b63f84b') in 0.015923 seconds 
========================================================================
Received Import Request.
  Time since last request: 1076.635965 seconds.
  path: Assets/Mega Fantasy Props Pack/Materials/bark_2_d.mat
  artifactKey: Guid(c308058fe19e91945b8a535cbaeec91d) Importer(815301076,1909f56bfc062723c751e8b465ee728b)
Start importing Assets/Mega Fantasy Props Pack/Materials/bark_2_d.mat using Guid(c308058fe19e91945b8a535cbaeec91d) Importer(815301076,1909f56bfc062723c751e8b465ee728b)  -> (artifact id: 'f6dd45a2e00d2ec1a2b81eb8100501f4') in 0.061806 seconds 
========================================================================
Received Import Request.
  Time since last request: 0.000027 seconds.
  path: Assets/Mega Fantasy Props Pack/Materials/books_paper_d.mat
  artifactKey: Guid(cfe94b7c6014b1245b56c46d35cd406e) Importer(815301076,1909f56bfc062723c751e8b465ee728b)
Start importing Assets/Mega Fantasy Props Pack/Materials/books_paper_d.mat using Guid(cfe94b7c6014b1245b56c46d35cd406e) Importer(815301076,1909f56bfc062723c751e8b465ee728b)  -> (artifact id: '62e8e7572dba975cfc4243ec67b07a66') in 0.015955 seconds 
========================================================================
Received Import Request.
  Time since last request: 1.473814 seconds.
  path: Assets/Mega Fantasy Props Pack/Materials/charcoal_1_d.mat
  artifactKey: Guid(edae9c3fda9266046a7f482926164cec) Importer(815301076,1909f56bfc062723c751e8b465ee728b)
Start importing Assets/Mega Fantasy Props Pack/Materials/charcoal_1_d.mat using Guid(edae9c3fda9266046a7f482926164cec) Importer(815301076,1909f56bfc062723c751e8b465ee728b)  -> (artifact id: 'a4f64b1c8420abaac46a85557963abcf') in 0.017132 seconds 
========================================================================
Received Import Request.
  Time since last request: 0.741274 seconds.
  path: Assets/Mega Fantasy Props Pack/Materials/dark.mat
  artifactKey: Guid(8653c28f8f9110f43a0fb41a118f1af3) Importer(815301076,1909f56bfc062723c751e8b465ee728b)
Start importing Assets/Mega Fantasy Props Pack/Materials/dark.mat using Guid(8653c28f8f9110f43a0fb41a118f1af3) Importer(815301076,1909f56bfc062723c751e8b465ee728b)  -> (artifact id: '4886cabef63f940b3119530382f741d0') in 0.022084 seconds 
========================================================================
Received Import Request.
  Time since last request: 0.299384 seconds.
  path: Assets/Mega Fantasy Props Pack/Materials/fabric_1_d.mat
  artifactKey: Guid(b6eb2c31fb903b94c82e9e2c182bc388) Importer(815301076,1909f56bfc062723c751e8b465ee728b)
Start importing Assets/Mega Fantasy Props Pack/Materials/fabric_1_d.mat using Guid(b6eb2c31fb903b94c82e9e2c182bc388) Importer(815301076,1909f56bfc062723c751e8b465ee728b)  -> (artifact id: 'a3b6db2f348ec63a245f0687edb9d472') in 0.020224 seconds 
========================================================================
Received Import Request.
  Time since last request: 0.042729 seconds.
  path: Assets/Mega Fantasy Props Pack/Materials/fabric_bag_1_d.mat
  artifactKey: Guid(1db8569813e821749927d4ad11460096) Importer(815301076,1909f56bfc062723c751e8b465ee728b)
Start importing Assets/Mega Fantasy Props Pack/Materials/fabric_bag_1_d.mat using Guid(1db8569813e821749927d4ad11460096) Importer(815301076,1909f56bfc062723c751e8b465ee728b)  -> (artifact id: 'f27db47ee3508f70b11067a8efb075f8') in 0.026623 seconds 
========================================================================
Received Import Request.
  Time since last request: 0.613250 seconds.
  path: Assets/Mega Fantasy Props Pack/Materials/granite_1_d.mat
  artifactKey: Guid(965224637509ca24787fde060eea6f06) Importer(815301076,1909f56bfc062723c751e8b465ee728b)
Start importing Assets/Mega Fantasy Props Pack/Materials/granite_1_d.mat using Guid(965224637509ca24787fde060eea6f06) Importer(815301076,1909f56bfc062723c751e8b465ee728b)  -> (artifact id: '0869a3f226b4447fa3ff56f13b1f6a7a') in 0.015172 seconds 
========================================================================
Received Import Request.
  Time since last request: 0.388423 seconds.
  path: Assets/Mega Fantasy Props Pack/Materials/shingle_1_d.mat
  artifactKey: Guid(aa92370f24b71d4428525f91cfb88005) Importer(815301076,1909f56bfc062723c751e8b465ee728b)
Start importing Assets/Mega Fantasy Props Pack/Materials/shingle_1_d.mat using Guid(aa92370f24b71d4428525f91cfb88005) Importer(815301076,1909f56bfc062723c751e8b465ee728b)  -> (artifact id: '7b0f0505a0fe7092ebd343d4c192cf8f') in 0.019915 seconds 
========================================================================
Received Import Request.
  Time since last request: 0.256326 seconds.
  path: Assets/Mega Fantasy Props Pack/Materials/spice.mat
  artifactKey: Guid(d634f695d7fc3b2479eaec83bc044d20) Importer(815301076,1909f56bfc062723c751e8b465ee728b)
Start importing Assets/Mega Fantasy Props Pack/Materials/spice.mat using Guid(d634f695d7fc3b2479eaec83bc044d20) Importer(815301076,1909f56bfc062723c751e8b465ee728b)  -> (artifact id: 'b5a822f31b895b3b67ee218cf4283dab') in 0.020433 seconds 
========================================================================
Received Import Request.
  Time since last request: 0.000025 seconds.
  path: Assets/Mega Fantasy Props Pack/Materials/stone_wall_2_d.mat
  artifactKey: Guid(dbc2b493531c5344f85864c5688265b9) Importer(815301076,1909f56bfc062723c751e8b465ee728b)
Start importing Assets/Mega Fantasy Props Pack/Materials/stone_wall_2_d.mat using Guid(dbc2b493531c5344f85864c5688265b9) Importer(815301076,1909f56bfc062723c751e8b465ee728b)  -> (artifact id: '1744d74b6db3f3eac4ccf725c2da086f') in 0.016680 seconds 
========================================================================
Received Import Request.
  Time since last request: 0.219173 seconds.
  path: Assets/Mega Fantasy Props Pack/Materials/timber_1_fixed_d.mat
  artifactKey: Guid(2536f1f630d08f441b76cba76e8cf597) Importer(815301076,1909f56bfc062723c751e8b465ee728b)
Start importing Assets/Mega Fantasy Props Pack/Materials/timber_1_fixed_d.mat using Guid(2536f1f630d08f441b76cba76e8cf597) Importer(815301076,1909f56bfc062723c751e8b465ee728b)  -> (artifact id: '254c507dad6c4b61563bec143d982d73') in 0.015068 seconds 
========================================================================
Received Import Request.
  Time since last request: 0.027804 seconds.
  path: Assets/Mega Fantasy Props Pack/Materials/timber_2_fixed_d.mat
  artifactKey: Guid(4bc52937c3c17274f942302c482c69ac) Importer(815301076,1909f56bfc062723c751e8b465ee728b)
Start importing Assets/Mega Fantasy Props Pack/Materials/timber_2_fixed_d.mat using Guid(4bc52937c3c17274f942302c482c69ac) Importer(815301076,1909f56bfc062723c751e8b465ee728b)  -> (artifact id: '4a9feedc40edaf0f59eb3082f413ab63') in 0.015600 seconds 
========================================================================
Received Import Request.
  Time since last request: 0.566773 seconds.
  path: Assets/Mega Fantasy Props Pack/Materials/trunk_2_d.mat
  artifactKey: Guid(1d98a65002eda714d83f003d768ffc76) Importer(815301076,1909f56bfc062723c751e8b465ee728b)
Start importing Assets/Mega Fantasy Props Pack/Materials/trunk_2_d.mat using Guid(1d98a65002eda714d83f003d768ffc76) Importer(815301076,1909f56bfc062723c751e8b465ee728b)  -> (artifact id: '51b46a3aa735eb4d56c51fa7f48c18bd') in 0.014917 seconds 
========================================================================
Received Import Request.
  Time since last request: 0.032433 seconds.
  path: Assets/Mega Fantasy Props Pack/Materials/wall_brick_1_d.mat
  artifactKey: Guid(d688b73caa629f344b206ac58bb4f813) Importer(815301076,1909f56bfc062723c751e8b465ee728b)
Start importing Assets/Mega Fantasy Props Pack/Materials/wall_brick_1_d.mat using Guid(d688b73caa629f344b206ac58bb4f813) Importer(815301076,1909f56bfc062723c751e8b465ee728b)  -> (artifact id: '17db28c83d5ed068ed9ac4fa190e57cd') in 0.015772 seconds 
========================================================================
Received Import Request.
  Time since last request: 2336.126998 seconds.
  path: Assets/LowPolySoldiers_demo/models/Materials/demo_soldier_512.tga
  artifactKey: Guid(8293059b819fbd34983493640ff4b930) Importer(815301076,1909f56bfc062723c751e8b465ee728b)
Start importing Assets/LowPolySoldiers_demo/models/Materials/demo_soldier_512.tga using Guid(8293059b819fbd34983493640ff4b930) Importer(815301076,1909f56bfc062723c751e8b465ee728b)  -> (artifact id: '0d01f5f388212e737ad6c1b504824372') in 0.064685 seconds 
========================================================================
Received Prepare
Registering precompiled user dll's ...
Registered in 0.005502 seconds.
Begin MonoManager ReloadAssembly
Symbol file LoadedFromMemory doesn't match image D:\GitHub\3D-PortFolio\3DPortfolioPractice\Library\PackageCache\com.unity.visualscripting@1.7.8\Editor\VisualScripting.Core\Dependencies\YamlDotNet\Unity.VisualScripting.YamlDotNet.dll
Symbol file LoadedFromMemory doesn't match image D:\GitHub\3D-PortFolio\3DPortfolioPractice\Library\PackageCache\com.unity.visualscripting@1.7.8\Editor\VisualScripting.Core\Dependencies\DotNetZip\Unity.VisualScripting.IonicZip.dll
Native extension for WindowsStandalone target not found
Native extension for Android target not found
Refreshing native plugins compatible for Editor in 0.72 ms, found 3 plugins.
Preloading 0 native plugins for Editor in 0.00 ms.
Mono: successfully reloaded assembly
- Completed reload, in  1.315 seconds
Domain Reload Profiling:
	ReloadAssembly (1316ms)
		BeginReloadAssembly (294ms)
			ExecutionOrderSort (0ms)
			DisableScriptedObjects (12ms)
			BackupInstance (0ms)
			ReleaseScriptingObjects (0ms)
			CreateAndSetChildDomain (129ms)
		EndReloadAssembly (912ms)
			LoadAssemblies (118ms)
			RebuildTransferFunctionScriptingTraits (0ms)
			SetupTypeCache (332ms)
			ReleaseScriptCaches (1ms)
			RebuildScriptCaches (49ms)
			SetupLoadedEditorAssemblies (382ms)
				LogAssemblyErrors (0ms)
				InitializePlatformSupportModulesInManaged (25ms)
				SetLoadedEditorAssemblies (1ms)
				RefreshPlugins (1ms)
				BeforeProcessingInitializeOnLoad (78ms)
				ProcessInitializeOnLoadAttributes (232ms)
				ProcessInitializeOnLoadMethodAttributes (36ms)
				AfterProcessingInitializeOnLoad (9ms)
				EditorAssembliesLoaded (0ms)
			ExecutionOrderSort2 (0ms)
			AwakeInstancesAfterBackupRestoration (10ms)
Platform modules already initialized, skipping
Refreshing native plugins compatible for Editor in 1.95 ms, found 3 plugins.
Preloading 0 native plugins for Editor in 0.00 ms.
Unloading 3478 Unused Serialized files (Serialized files now loaded: 0)
Unloading 32 unused Assets / (1.3 MB). Loaded Objects now: 4033.
Memory consumption went from 149.4 MB to 148.1 MB.
Total: 3.878300 ms (FindLiveObjects: 0.301600 ms CreateObjectMapping: 0.192600 ms MarkObjects: 3.092600 ms  DeleteObjects: 0.290800 ms)

AssetImportParameters requested are different than current active one (requested -> active):
  custom:video-decoder-ogg-theora: a1e56fd34408186e4bbccfd4996cb3dc -> 
  custom:container-muxer-webm: aa71ff27fc2769a1b78a27578f13a17b -> 
  custom:container-demuxer-webm: 4f35f7cbe854078d1ac9338744f61a02 -> 
  custom:video-encoder-webm-vp8: eb34c28f22e8b96e1ab97ce403110664 -> 
  custom:audio-encoder-webm-vorbis: bf7c407c2cedff20999df2af8eb42d56 -> 
  custom:framework-win-MediaFoundation: 216162199b28c13a410421893ffa2e32 -> 
  custom:container-demuxer-ogg: 62fdf1f143b41e24485cea50d1cbac27 -> 
  custom:video-decoder-webm-vp8: 9c59270c3fd7afecdb556c50c9e8de78 -> 
  custom:audio-decoder-ogg-vorbis: bf7c407c2cedff20999df2af8eb42d56 -> 
========================================================================
Received Import Request.
  Time since last request: 490.096178 seconds.
  path: Assets/08.Fonts/koverwatch.ttf
  artifactKey: Guid(97f737c9ccd32ad40afa71f53d955f49) Importer(815301076,1909f56bfc062723c751e8b465ee728b)
Start importing Assets/08.Fonts/koverwatch.ttf using Guid(97f737c9ccd32ad40afa71f53d955f49) Importer(815301076,1909f56bfc062723c751e8b465ee728b)  -> (artifact id: '7575d6f47e678f3d162cc845de1644d2') in 0.162632 seconds 
========================================================================
Received Import Request.
  Time since last request: 5.859437 seconds.
  path: Assets/_TerrainAutoUpgrade/layer_dirt_1_fixed_d793646612c42751.terrainlayer
  artifactKey: Guid(4c2bda67f7a017c4d97a97710db19fa9) Importer(815301076,1909f56bfc062723c751e8b465ee728b)
Start importing Assets/_TerrainAutoUpgrade/layer_dirt_1_fixed_d793646612c42751.terrainlayer using Guid(4c2bda67f7a017c4d97a97710db19fa9) Importer(815301076,1909f56bfc062723c751e8b465ee728b)  -> (artifact id: 'b30050cfbaf793bf8c2d52b16dafff0b') in 0.112300 seconds 
